<?xml version="1.0" encoding="UTF-8" standalone="yes"?>
<TargetEndpoint name="test-second">
    <Description/>
    <FaultRules/>
    <PreFlow name="PreFlow">
        <Request>
            <Step>
                <Name>Message-Logging-1</Name>
            </Step>
        </Request>
        <Response/>
    </PreFlow>
    <PostFlow name="PostFlow">
        <Request/>
        <Response/>
    </PostFlow>
    <Flows/>
    <HTTPTargetConnection>
        <Properties/>
        <URL>http://testarget.com/api</URL>
    </HTTPTargetConnection>
</TargetEndpoint>